1577884054.346694 client started (97786): version 2.7, socket /private/tmp/tmux-501/default, protocol 8
1577884054.346783 on Darwin 19.0.0 Darwin Kernel Version 19.0.0: Wed Sep 25 20:18:50 PDT 2019; root:xnu-6153.11.26~2/RELEASE_X86_64; libevent 2.1.8-stable (select)
1577884054.346838 socket is /private/tmp/tmux-501/default
1577884054.346867 trying connect
1577884054.346969 add peer 0x103409000: 6 (0x0)
1577884054.348586 sending message 100 to peer 0x103409000 (4 bytes)
1577884054.348625 sending message 101 to peer 0x103409000 (15 bytes)
1577884054.348640 sending message 102 to peer 0x103409000 (13 bytes)
1577884054.348652 sending message 108 to peer 0x103409000 (59 bytes)
1577884054.348673 sending message 104 to peer 0x103409000 (0 bytes)
1577884054.348684 sending message 107 to peer 0x103409000 (4 bytes)
1577884054.348695 sending message 105 to peer 0x103409000 (60 bytes)
1577884054.348705 sending message 105 to peer 0x103409000 (66 bytes)
1577884054.348714 sending message 105 to peer 0x103409000 (26 bytes)
1577884054.348724 sending message 105 to peer 0x103409000 (14 bytes)
1577884054.348734 sending message 105 to peer 0x103409000 (22 bytes)
1577884054.348744 sending message 105 to peer 0x103409000 (14 bytes)
1577884054.348754 sending message 105 to peer 0x103409000 (17 bytes)
1577884054.348763 sending message 105 to peer 0x103409000 (63 bytes)
1577884054.348773 sending message 105 to peer 0x103409000 (25 bytes)
1577884054.348783 sending message 105 to peer 0x103409000 (24 bytes)
1577884054.348804 sending message 105 to peer 0x103409000 (27 bytes)
1577884054.348815 sending message 105 to peer 0x103409000 (23 bytes)
1577884054.348824 sending message 105 to peer 0x103409000 (793 bytes)
1577884054.348830 sending message 105 to peer 0x103409000 (19 bytes)
1577884054.348836 sending message 105 to peer 0x103409000 (20 bytes)
1577884054.348842 sending message 105 to peer 0x103409000 (22 bytes)
1577884054.348851 sending message 105 to peer 0x103409000 (20 bytes)
1577884054.348861 sending message 105 to peer 0x103409000 (19 bytes)
1577884054.348870 sending message 105 to peer 0x103409000 (57 bytes)
1577884054.348879 sending message 105 to peer 0x103409000 (12 bytes)
1577884054.348889 sending message 105 to peer 0x103409000 (19 bytes)
1577884054.348902 sending message 105 to peer 0x103409000 (15 bytes)
1577884054.348913 sending message 105 to peer 0x103409000 (54 bytes)
1577884054.348923 sending message 105 to peer 0x103409000 (38 bytes)
1577884054.348934 sending message 105 to peer 0x103409000 (61 bytes)
1577884054.348945 sending message 105 to peer 0x103409000 (8 bytes)
1577884054.348958 sending message 105 to peer 0x103409000 (66 bytes)
1577884054.348969 sending message 105 to peer 0x103409000 (29 bytes)
1577884054.348991 sending message 105 to peer 0x103409000 (11 bytes)
1577884054.349009 sending message 105 to peer 0x103409000 (8 bytes)
1577884054.349017 sending message 105 to peer 0x103409000 (21 bytes)
1577884054.349026 sending message 105 to peer 0x103409000 (32 bytes)
1577884054.349033 sending message 105 to peer 0x103409000 (16 bytes)
1577884054.349042 sending message 105 to peer 0x103409000 (45 bytes)
1577884054.349053 sending message 105 to peer 0x103409000 (24 bytes)
1577884054.349063 sending message 105 to peer 0x103409000 (22 bytes)
1577884054.349077 sending message 106 to peer 0x103409000 (0 bytes)
1577884054.349094 sending message 200 to peer 0x103409000 (4 bytes)
1577884054.349129 client loop enter
1577884054.350569 peer 0x103409000 message 207
1577884054.350594 sending message 208 to peer 0x103409000 (0 bytes)
1577884189.266650 peer 0x103409000 message 210
1577884189.266678 sending message 205 to peer 0x103409000 (0 bytes)
1577884189.266944 peer 0x103409000 message 204
1577884189.266966 client loop exit
